<?xml version="1.0" encoding="UTF-8"?>
<testng-results ignored="0" total="1" passed="1" failed="0" skipped="0">
  <reporter-output>
  </reporter-output>
  <suite started-at="2022-02-06T07:33:29 CST" name="Default suite" finished-at="2022-02-06T07:33:34 CST" duration-ms="5057">
    <groups>
    </groups>
    <test started-at="2022-02-06T07:33:29 CST" name="Default test" finished-at="2022-02-06T07:33:34 CST" duration-ms="5057">
      <class name="testpackage.AddContactTest">
        <test-method signature="validUserShouldBeAbleToAddCustomer()[pri:0, instance:testpackage.AddContactTest@1bb266b3]" started-at="2022-02-06T07:33:29 CST" name="validUserShouldBeAbleToAddCustomer" finished-at="2022-02-06T07:33:34 CST" duration-ms="5035" status="PASS">
          <reporter-output>
          </reporter-output>
        </test-method> <!-- validUserShouldBeAbleToAddCustomer -->
      </class> <!-- testpackage.AddContactTest -->
    </test> <!-- Default test -->
  </suite> <!-- Default suite -->
</testng-results>
